TN:
SF:/opt/lampp/htdocs/Desarrollo/node-iot/iot-DB/index.js
FN:7,(anonymous_0)
FNF:1
FNH:1
FNDA:2,(anonymous_0)
DA:3,2
DA:4,2
DA:5,2
DA:6,2
DA:7,2
DA:8,2
DA:19,2
DA:20,2
DA:21,2
DA:23,2
DA:24,2
DA:26,2
DA:28,2
DA:29,0
DA:32,2
DA:33,2
DA:35,2
LF:17
LH:16
BRDA:28,0,0,0
BRDA:28,0,1,2
BRF:2
BRH:1
end_of_record
TN:
SF:/opt/lampp/htdocs/Desarrollo/node-iot/iot-DB/lib/db.js
FN:5,setupDataBase
FNF:1
FNH:1
FNDA:2,setupDataBase
DA:3,1
DA:4,1
DA:5,1
DA:6,2
DA:7,1
DA:9,2
LF:6
LH:6
BRDA:6,0,0,1
BRDA:6,0,1,1
BRF:2
BRH:2
end_of_record
TN:
SF:/opt/lampp/htdocs/Desarrollo/node-iot/iot-DB/models/agent.js
FN:6,setupAgentModel
FNF:1
FNH:0
FNDA:0,setupAgentModel
DA:3,1
DA:4,1
DA:6,1
DA:7,0
DA:9,0
LF:5
LH:3
BRF:0
BRH:0
end_of_record
TN:
SF:/opt/lampp/htdocs/Desarrollo/node-iot/iot-DB/models/metric.js
FN:6,setupMetricModel
FNF:1
FNH:0
FNDA:0,setupMetricModel
DA:3,1
DA:4,1
DA:6,1
DA:7,0
DA:9,0
LF:5
LH:3
BRF:0
BRH:0
end_of_record
TN:
SF:/opt/lampp/htdocs/Desarrollo/node-iot/iot-DB/tests/agent-tests.js
FN:19,(anonymous_4)
FN:27,(anonymous_5)
FN:28,(anonymous_6)
FN:34,(anonymous_7)
FN:38,(anonymous_8)
FN:42,(anonymous_9)
FNF:6
FNH:6
FNDA:2,(anonymous_4)
FNDA:2,(anonymous_5)
FNDA:2,(anonymous_6)
FNDA:2,(anonymous_7)
FNDA:1,(anonymous_8)
FNDA:1,(anonymous_9)
DA:3,1
DA:4,1
DA:5,1
DA:7,1
DA:11,1
DA:15,1
DA:16,1
DA:17,1
DA:19,1
DA:20,2
DA:22,2
DA:26,2
DA:27,2
DA:28,2
DA:31,2
DA:34,1
DA:35,2
DA:38,1
DA:39,1
DA:42,4
DA:43,1
DA:44,1
DA:45,1
DA:46,1
LF:24
LH:24
BRDA:35,0,0,2
BRDA:35,0,1,2
BRF:2
BRH:2
end_of_record
